<?xml version="1.0" encoding="UTF-8"?>
<!-- Generated by org.testng.reporters.JUnitReportReporter -->
<testsuite hostname="NTK0809" failures="0" tests="2" name="Edit.SauceDemo.Asignacion5" time="1.257" errors="0" timestamp="2023-01-08T12:54:05 ART" skipped="0">
  <testcase classname="Edit.SauceDemo.Asignacion5" name="IniciarSesion" time="0.360"/>
  <system-out/>
  <testcase classname="Edit.SauceDemo.Asignacion5" name="RealizarCompra" time="0.897"/>
  <system-out/>
</testsuite> <!-- Edit.SauceDemo.Asignacion5 -->
