<?xml version="1.0" encoding="UTF-8"?>
<!-- Generated by org.testng.reporters.JUnitReportReporter -->
<testsuite hostname="NTK0809" failures="0" tests="6" name="Edit.SauceDemo.AsignacionB" time="0.743" errors="0" timestamp="2023-01-08T15:58:51 ART" skipped="0">
  <testcase classname="Edit.SauceDemo.AsignacionB" name="Login" time="0.107"/>
  <system-out/>
  <testcase classname="Edit.SauceDemo.AsignacionB" name="Login" time="0.107"/>
  <system-out/>
  <testcase classname="Edit.SauceDemo.AsignacionB" name="Login" time="0.205"/>
  <system-out/>
  <testcase classname="Edit.SauceDemo.AsignacionB" name="Login" time="0.111"/>
  <system-out/>
  <testcase classname="Edit.SauceDemo.AsignacionB" name="Login" time="0.111"/>
  <system-out/>
  <testcase classname="Edit.SauceDemo.AsignacionB" name="Login" time="0.102"/>
  <system-out/>
</testsuite> <!-- Edit.SauceDemo.AsignacionB -->
