<?xml version="1.0" encoding="UTF-8"?>
<!-- Generated by org.testng.reporters.JUnitReportReporter -->
<testsuite hostname="NTK0809" failures="0" tests="1" name="Edit.SauceDemo.AppTest" time="0.005" errors="0" timestamp="2023-01-09T14:08:30 ART" skipped="0">
  <testcase classname="Edit.SauceDemo.AppTest" name="shouldAnswerWithTrue" time="0.005"/>
  <system-out/>
</testsuite> <!-- Edit.SauceDemo.AppTest -->
